<?xml version="1.0" encoding="UTF-8"?>
<!-- Generated by org.testng.reporters.JUnitReportReporter -->
<testsuite hostname="Prasannakumar" failures="0" tests="5" name="Attribuets" time="0.527" errors="0" timestamp="2023-12-05T16:57:09 IST" skipped="0">
  <testcase classname="Attribuets" name="login" time="0.001"/>
  <system-out/>
  <testcase classname="Attribuets" name="delay" time="0.524"/>
  <system-out/>
  <testcase classname="Attribuets" name="login" time="0.001"/>
  <system-out/>
  <testcase classname="Attribuets" name="login" time="0.001"/>
  <system-out/>
  <testcase classname="Attribuets" name="ProductPage" time="0.000"/>
  <system-out/>
</testsuite> <!-- Attribuets -->
