<?xml version="1.0" encoding="UTF-8"?>
<!-- Generated by org.testng.reporters.JUnitReportReporter -->
<testsuite hostname="Prasannakumar" failures="0" tests="4" name="priorityDemo" time="0.009" errors="0" timestamp="2023-11-29T16:07:23 IST" skipped="0">
  <testcase classname="priorityDemo" name="B" time="0.001"/>
  <system-out/>
  <testcase classname="priorityDemo" name="B" time="0.001"/>
  <system-out/>
  <testcase classname="priorityDemo" name="B" time="0.002"/>
  <system-out/>
  <testcase classname="priorityDemo" name="B" time="0.005"/>
  <system-out/>
</testsuite> <!-- priorityDemo -->
