<?xml version="1.0" encoding="UTF-8"?>
<!-- Generated by org.testng.reporters.JUnitReportReporter -->
<testsuite hostname="Prasannakumar" failures="0" tests="1" name="data.Attribuets" time="2.066" errors="0" timestamp="2023-12-07T16:58:47 IST" skipped="0">
  <testcase classname="data.Attribuets" name="verifyWithValidlogin" time="2.066"/>
  <system-out/>
</testsuite> <!-- data.Attribuets -->
