<?xml version="1.0" encoding="UTF-8"?>
<!-- Generated by org.testng.reporters.JUnitReportReporter -->
<testsuite hostname="Prasannakumar" failures="0" tests="2" name="Hirec" time="0.006" errors="0" timestamp="2023-11-28T16:33:53 IST" skipped="0">
  <testcase classname="Hirec" name="m10" time="0.005"/>
  <system-out/>
  <testcase classname="Hirec" name="m5" time="0.001"/>
  <system-out/>
</testsuite> <!-- Hirec -->
