<?xml version="1.0" encoding="UTF-8"?>
<!-- Generated by org.testng.reporters.JUnitReportReporter -->
<testsuite hostname="Prasannakumar" failures="0" tests="5" name="data.priorityDemo" time="0.004" errors="0" timestamp="2023-12-06T16:50:50 IST" skipped="0">
  <testcase classname="data.priorityDemo" name="B" time="0.000"/>
  <system-out/>
  <testcase classname="data.priorityDemo" name="B" time="0.001"/>
  <system-out/>
  <testcase classname="data.priorityDemo" name="B" time="0.001"/>
  <system-out/>
  <testcase classname="data.priorityDemo" name="A" time="0.001"/>
  <system-out/>
  <testcase classname="data.priorityDemo" name="B" time="0.001"/>
  <system-out/>
</testsuite> <!-- data.priorityDemo -->
