<?xml version="1.0" encoding="UTF-8"?>
<!-- Generated by org.testng.reporters.JUnitReportReporter -->
<testsuite hostname="Prasannakumar" failures="0" tests="1" name="data.login" time="4.751" errors="0" timestamp="2023-12-07T16:58:47 IST" skipped="0">
  <testcase classname="data.login" name="verifyWithValidlogin" time="4.751"/>
  <system-out/>
</testsuite> <!-- data.login -->
