<?xml version="1.0" encoding="UTF-8"?>
<!-- Generated by org.testng.reporters.JUnitReportReporter -->
<testsuite hostname="Prasannakumar" failures="0" tests="1" name="data.demo" time="5.607" errors="0" timestamp="2023-12-07T16:58:47 IST" skipped="0">
  <testcase classname="data.demo" name="verifyWithValidlogin" time="5.607"/>
  <system-out/>
</testsuite> <!-- data.demo -->
